build/app/outputs/mapping/release/seeds.txt
com.example.dholera_admin_flutter.MainActivity
com.example.dholera_admin_flutter.MainActivity: MainActivity()
...
androidx.appcompat.widget.ContentFrameLayout: android.util.TypedValue getFixedHeightMinor()
androidx.window.layout.adapter.sidecar.SidecarCompat$TranslatingCallback: void onDeviceStateChanged(androidx.window.sidecar.SidecarDeviceState)
androidx.appcompat.widget.SearchView: void setQueryHint(java.lang.CharSequence)
io.flutter.embedding.engine.FlutterJNI: long nativeAttach(io.flutter.embedding.engine.FlutterJNI)
io.flutter.embedding.engine.mutatorsstack.FlutterMutatorsStack: void pushClipPath(android.graphics.Path)
io.flutter.embedding.engine.FlutterJNI: void nativeRegisterImageTexture(long,long,java.lang.ref.WeakReference,boolean)
androidx.appcompat.view.menu.ActionMenuItemView: void setCheckable(boolean)
io.flutter.embedding.engine.renderer.FlutterRenderer$ImageReaderSurfaceProducer: void scheduleFrame()
androidx.appcompat.widget.AppCompatAutoCompleteTextView: void setCustomSelectionActionModeCallback(android.view.ActionMode$Callback)
androidx.appcompat.widget.SwitchCompat: void setThumbTintList(android.content.res.ColorStateList)
androidx.core.view.WindowInsetsCompat$Impl21: WindowInsetsCompat$Impl21(androidx.core.view.WindowInsetsCompat,androidx.core.view.WindowInsetsCompat$Impl21)
io.flutter.embedding.engine.FlutterJNI: io.flutter.embedding.engine.FlutterJNI nativeSpawn(long,java.lang.String,java.lang.String,java.lang.String,java.util.List,long)
io.flutter.embedding.engine.FlutterJNI: void detachFromNativeAndReleaseResources()
io.flutter.embedding.engine.FlutterOverlaySurface: android.view.Surface getSurface()
io.flutter.embedding.android.KeyData$DeviceType: io.flutter.embedding.android.KeyData$DeviceType valueOf(java.lang.String)
io.flutter.embedding.engine.FlutterJNI: boolean isAttached()
androidx.appcompat.widget.SearchView$SearchAutoComplete: int getSearchViewTextMinWidthDp()
androidx.appcompat.widget.AppCompatImageView: void setImageURI(android.net.Uri)
io.flutter.embedding.engine.renderer.FlutterRenderer$ImageReaderSurfaceProducer: long id()
androidx.vectordrawable.graphics.drawable.VectorDrawableCompat$VGroup: void setScaleY(float)
io.flutter.plugins.urllauncher.UrlLauncherPlugin: UrlLauncherPlugin()
androidx.appcompat.widget.MenuPopupWindow$MenuDropDownListView: void setSelector(android.graphics.drawable.Drawable)
io.flutter.embedding.engine.FlutterJNI: boolean nativeGetIsSoftwareRenderingEnabled()
androidx.core.view.ViewCompat$Api28Impl: boolean isAccessibilityHeading(android.view.View)
io.flutter.embedding.android.FlutterActivityLaunchConfigs$BackgroundMode: io.flutter.embedding.android.FlutterActivityLaunchConfigs$BackgroundMode[] values()
androidx.appcompat.widget.Toolbar: int getContentInsetStartWithNavigation()
io.flutter.embedding.engine.FlutterJNI: void setAccessibilityFeatures(int)
io.flutter.view.TextureRegistry$SurfaceProducer: void scheduleFrame()
androidx.appcompat.widget.SearchView: void setAppSearchData(android.os.Bundle)
androidx.appcompat.widget.ContentFrameLayout: android.util.TypedValue getFixedWidthMajor()
io.flutter.view.AccessibilityViewEmbedder: boolean performAction(int,int,android.os.Bundle)
androidx.core.widget.NestedScrollView: androidx.core.view.ScrollFeedbackProviderCompat getScrollFeedbackProvider()
io.flutter.embedding.engine.renderer.FlutterRenderer$ImageReaderSurfaceProducer: int numImages()
androidx.appcompat.view.menu.ListMenuItemView: android.view.LayoutInflater getInflater()
io.flutter.plugins.flutter_plugin_android_lifecycle.FlutterAndroidLifecyclePlugin: FlutterAndroidLifecyclePlugin()
io.flutter.embedding.engine.FlutterJNI: boolean isCodePointEmojiModifier(int)
androidx.core.view.WindowInsetsCompat$Impl: androidx.core.graphics.Insets getMandatorySystemGestureInsets()
io.flutter.embedding.engine.renderer.FlutterRenderer$ImageReaderSurfaceProducer: void onTrimMemory(int)
io.flutter.embedding.engine.FlutterJNI: void onSurfaceDestroyed()
androidx.core.view.WindowInsetsCompat$BuilderImpl35: void initTypeBoundingRects(androidx.core.view.WindowInsetsCompat)