build/app/outputs/mapping/release/usage.txt
com.example.dholera_admin_flutter.R$drawable
com.example.dholera_admin_flutter.R$mipmap
com.example.dholera_admin_flutter.R$style
com.example.dholera_admin_flutter.R
...
androidx.core.net.UriCompat
androidx.core.net.UriKt
androidx.core.os.BufferFillPolicy$Companion
androidx.core.os.BufferFillPolicy$Discard
androidx.core.os.BufferFillPolicy$RingBuffer
androidx.core.os.BufferFillPolicy
androidx.core.os.BuildCompat$PrereleaseSdkCheck
androidx.core.os.BuildCompat:
    public static final boolean isAtLeastB()
    public static final boolean isAtLeastN()
    public static final boolean isAtLeastNMR1()
    public static final boolean isAtLeastO()
    public static final boolean isAtLeastOMR1()
    public static final boolean isAtLeastP()
    public static final boolean isAtLeastPreReleaseCodename(java.lang.String,java.lang.String)
    private static final java.lang.Integer isAtLeastPreReleaseCodename$codenameToInt(java.lang.String)
    public static final boolean isAtLeastQ()
    public static final boolean isAtLeastR()
    public static final boolean isAtLeastS()
    public static final boolean isAtLeastSv2()
    public static final boolean isAtLeastT()
    public static final boolean isAtLeastU()
    public static final boolean isAtLeastV()
androidx.core.os.BundleCompat$Api33Impl
androidx.core.os.BundleCompat
androidx.core.os.BundleKt
androidx.core.os.CancellationSignal$OnCancelListener
androidx.core.os.CancellationSignal
androidx.core.os.ConfigurationCompat$Api24Impl
androidx.core.os.ConfigurationCompat
androidx.core.os.ContinuationOutcomeReceiver
androidx.core.os.EnvironmentCompat
androidx.core.os.ExecutorCompat:
    private void <init>()
androidx.core.os.HandlerCompat$Api28Impl
androidx.core.os.HandlerCompat$Api29Impl
androidx.core.os.HandlerCompat
androidx.core.os.HandlerKt$postAtTime$runnable$1
androidx.core.os.HandlerKt$postDelayed$runnable$1
androidx.core.os.HandlerKt
androidx.core.os.HeapProfileRequestBuilder
androidx.core.os.JavaHeapDumpRequestBuilder
androidx.core.os.LocaleListCompat$Api21Impl
androidx.core.os.LocaleListCompat$Api24Impl
androidx.core.os.LocaleListCompat
androidx.core.os.LocaleListCompatWrapper
androidx.core.os.LocaleListInterface
androidx.core.os.LocaleListPlatformWrapper
androidx.core.os.MessageCompat
androidx.core.os.OperationCanceledException
androidx.core.os.OutcomeReceiverCompat
androidx.core.os.OutcomeReceiverKt
androidx.core.os.ParcelCompat$Api29Impl
androidx.core.os.ParcelCompat$Api30Impl
androidx.core.os.ParcelCompat$Api33Impl
androidx.core.os.ParcelCompat
androidx.core.os.ParcelKt
androidx.core.os.ParcelableCompat$ParcelableCompatCreatorHoneycombMR2
androidx.core.os.ParcelableCompat
androidx.core.os.ParcelableCompatCreatorCallbacks
androidx.core.os.PersistableBundleApi21ImplKt
androidx.core.os.PersistableBundleKt
androidx.core.os.ProcessCompat$Api19Impl
androidx.core.os.ProcessCompat$Api24Impl
androidx.core.os.ProcessCompat
androidx.core.os.Profiling$registerForAllProfilingResults$1
androidx.core.os.Profiling
androidx.core.os.ProfilingRequest
androidx.core.os.ProfilingRequestBuilder
androidx.core.os.StackSamplingRequestBuilder
androidx.core.os.SystemTraceRequestBuilder
androidx.core.os.TraceCompat$Api29Impl
androidx.core.os.TraceCompat:
    private static final java.lang.String TAG
    private void <init>()
    public static void beginAsyncSection(java.lang.String,int)
    public static void endAsyncSection(java.lang.String,int)
    public static boolean isEnabled()
    public static void setCounter(java.lang.String,int)
androidx.core.os.TraceKt
androidx.core.os.UserHandleCompat$Api24Impl
androidx.core.os.UserHandleCompat
androidx.core.os.UserManagerCompat$Api24Impl
androidx.core.os.UserManagerCompat
androidx.core.provider.CallbackWrapper:
    void <init>(androidx.core.provider.FontsContractCompat$FontRequestCallback)
androidx.core.provider.CalleeHandler:
    private void <init>()
androidx.core.provider.DocumentsContractCompat$DocumentCompat
androidx.core.provider.DocumentsContractCompat$DocumentsContractApi24Impl
androidx.core.provider.DocumentsContractCompat
androidx.core.provider.FontProvider:
    private void <init>()
    static void clearProviderCache()